TN:
SF:lib\array.js
FN:11,_array
FNF:1
FNH:0
FNDA:0,_array
DA:1,1
DA:2,1
DA:3,1
DA:4,1
DA:5,1
DA:6,1
DA:7,1
DA:8,1
DA:9,1
DA:10,1
DA:11,1
DA:12,0
DA:13,0
DA:14,0
DA:15,0
DA:16,0
DA:17,0
DA:18,0
DA:19,0
DA:20,0
DA:21,0
DA:22,0
DA:23,0
DA:24,1
DA:25,1
LF:25
LH:13
BRF:0
BRH:0
end_of_record
TN:
SF:lib\boolean.js
FN:7,_boolean
FNF:1
FNH:1
FNDA:1,_boolean
DA:1,1
DA:2,1
DA:3,1
DA:4,1
DA:5,1
DA:6,1
DA:7,1
DA:8,1
DA:9,1
DA:10,1
DA:11,1
LF:11
LH:11
BRDA:7,0,0,1
BRDA:8,1,0,0
BRF:2
BRH:1
end_of_record
TN:
SF:lib\index.js
FNF:0
FNH:0
DA:1,1
DA:2,1
DA:3,1
DA:4,1
DA:5,1
DA:6,1
DA:7,1
DA:8,1
DA:9,1
DA:10,1
DA:11,1
LF:11
LH:11
BRF:0
BRH:0
end_of_record
TN:
SF:lib\number.js
FN:17,_number
FNF:1
FNH:1
FNDA:362,_number
DA:1,1
DA:2,1
DA:3,1
DA:4,1
DA:5,1
DA:6,1
DA:7,1
DA:8,1
DA:9,1
DA:10,1
DA:11,1
DA:12,1
DA:13,1
DA:14,1
DA:15,1
DA:16,1
DA:17,1
DA:18,362
DA:19,0
DA:20,362
DA:21,0
DA:22,0
DA:23,362
DA:24,362
DA:25,0
DA:26,362
DA:27,0
DA:28,0
DA:29,362
DA:30,362
DA:31,0
DA:32,0
DA:33,362
DA:34,362
DA:35,0
DA:36,362
DA:37,0
DA:38,0
DA:39,362
DA:40,362
DA:41,2
DA:42,2
DA:43,2
DA:44,2
DA:45,2
DA:46,2
DA:47,2
DA:48,0
DA:49,2
DA:50,0
DA:51,2
DA:52,2
DA:53,2
DA:54,2
DA:55,2
DA:56,2
DA:57,2
DA:58,0
DA:59,0
DA:60,0
DA:61,0
DA:62,2
DA:63,362
DA:64,1
DA:65,1
LF:65
LH:48
BRDA:17,0,0,362
BRDA:18,1,0,0
BRDA:20,2,0,0
BRDA:24,3,0,0
BRDA:26,4,0,0
BRDA:30,5,0,0
BRDA:34,6,0,0
BRDA:36,7,0,0
BRDA:40,8,0,360
BRDA:41,9,0,359
BRDA:41,10,0,1
BRDA:40,11,0,2
BRDA:47,12,0,0
BRDA:49,13,0,0
BRDA:57,14,0,0
BRF:15
BRH:5
end_of_record
TN:
SF:lib\string.js
FN:19,_string
FNF:1
FNH:1
FNDA:9,_string
DA:1,1
DA:2,1
DA:3,1
DA:4,1
DA:5,1
DA:6,1
DA:7,1
DA:8,1
DA:9,1
DA:10,1
DA:11,1
DA:12,1
DA:13,1
DA:14,1
DA:15,1
DA:16,1
DA:17,1
DA:18,1
DA:19,1
DA:20,9
DA:21,9
DA:22,9
DA:23,9
DA:24,0
DA:25,9
DA:26,0
DA:27,0
DA:28,9
DA:29,9
DA:30,0
DA:31,0
DA:32,9
DA:33,9
DA:34,0
DA:35,0
DA:36,9
DA:37,9
DA:38,7
DA:39,7
DA:40,9
DA:41,9
DA:42,7
DA:43,7
DA:44,9
DA:45,9
DA:46,7
DA:47,7
DA:48,9
DA:49,9
DA:50,9
DA:51,9
DA:52,9
DA:53,348
DA:54,348
DA:55,9
DA:56,9
DA:57,9
DA:58,1
DA:59,1
DA:60,1
DA:61,1
LF:61
LH:54
BRDA:19,0,0,9
BRDA:23,1,0,0
BRDA:25,2,0,0
BRDA:29,3,0,0
BRDA:33,4,0,0
BRDA:37,5,0,7
BRDA:41,6,0,7
BRDA:45,7,0,7
BRDA:52,8,0,348
BRDA:50,9,0,438
BRF:10
BRH:6
end_of_record
